2015-05-15 16:44:29.875 SFArts-Express[4481:284147] DiskCookieStorage changing policy from 2 to 0, cookie file: file:///Users/lrlarson/Library/Developer/CoreSimulator/Devices/3419DF18-FACC-4B27-B18E-EE7E43CC6DFD/data/Containers/Data/Application/2D5E550A-954F-4A00-9250-9D3AFDCDFF51/Library/Cookies/Cookies.binarycookies
2015-05-15 16:44:30.146 SFArts-Express[4481:284147] Apache Cordova native platform version 3.7.0 is starting.
2015-05-15 16:44:30.147 SFArts-Express[4481:284147] Multi-tasking -> Device: YES, App: YES
2015-05-15 16:44:30.162 SFArts-Express[4481:284147] Unlimited access to network resources
2015-05-15 16:44:30.688 SFArts-Express[4481:284147] [CDVTimer][splashscreen] 182.407022ms
2015-05-15 16:44:30.693 SFArts-Express[4481:284147] [CDVTimer][statusbar] 4.527986ms
2015-05-15 16:44:30.693 SFArts-Express[4481:284147] [CDVTimer][TotalPluginStartup] 187.210023ms
2015-05-15 16:44:30.854 SFArts-Express[4481:284147] Resetting plugins due to page load.
2015-05-15 16:44:31.488 SFArts-Express[4481:284147] THREAD WARNING: ['NetworkStatus'] took '39.844971' ms. Plugin should use a background thread.
2015-05-15 16:44:31.640 SFArts-Express[4481:284147] Finished load of: file:///Users/lrlarson/Library/Developer/CoreSimulator/Devices/3419DF18-FACC-4B27-B18E-EE7E43CC6DFD/data/Containers/Bundle/Application/81BF09BB-BAF8-48B9-9DF5-1ED19DB837D7/SFArts-Express.app/www/index.html
2015-05-15 16:44:31.643 SFArts-Express[4481:284147] in init page
2015-05-15 16:44:31.643 SFArts-Express[4481:284147] in init page
2015-05-15 16:44:31.654 SFArts-Express[4481:284147] code: 2
message: 
2015-05-15 16:44:31.655 SFArts-Express[4481:284147] locationManager::didFailWithError (null)
2015-05-15 16:44:31.662 SFArts-Express[4481:284147] code: 2
message: The operation couldn’t be completed. (kCLErrorDomain error 0.)
2015-05-15 16:44:46.993 SFArts-Express[4481:284147] CDVWebViewDelegate: Navigation started when state=1
2015-05-15 16:44:46.993 SFArts-Express[4481:284147] Failed to load webpage with error: CDVWebViewDelegate: Navigation started when state=1
2015-05-20 13:25:41.194 SFArts-Express[6548:262162] DiskCookieStorage changing policy from 2 to 0, cookie file: file:///Users/lrlarson/Library/Developer/CoreSimulator/Devices/3419DF18-FACC-4B27-B18E-EE7E43CC6DFD/data/Containers/Data/Application/9C36A2BB-A27F-4413-ADC2-280F5589223A/Library/Cookies/Cookies.binarycookies
2015-05-20 13:25:41.523 SFArts-Express[6548:262162] Apache Cordova native platform version 3.7.0 is starting.
2015-05-20 13:25:41.523 SFArts-Express[6548:262162] Multi-tasking -> Device: YES, App: YES
2015-05-20 13:25:41.539 SFArts-Express[6548:262162] Unlimited access to network resources
2015-05-20 13:25:42.140 SFArts-Express[6548:262162] [CDVTimer][splashscreen] 210.033000ms
2015-05-20 13:25:42.145 SFArts-Express[6548:262162] [CDVTimer][statusbar] 4.590988ms
2015-05-20 13:25:42.145 SFArts-Express[6548:262162] [CDVTimer][TotalPluginStartup] 214.904010ms
2015-05-20 13:25:42.338 SFArts-Express[6548:262162] Resetting plugins due to page load.
2015-05-20 13:25:43.058 SFArts-Express[6548:262162] THREAD WARNING: ['NetworkStatus'] took '37.770020' ms. Plugin should use a background thread.
2015-05-20 13:25:43.183 SFArts-Express[6548:262162] Finished load of: file:///Users/lrlarson/Library/Developer/CoreSimulator/Devices/3419DF18-FACC-4B27-B18E-EE7E43CC6DFD/data/Containers/Bundle/Application/064E6F51-17AA-44D5-A290-A42C13D0F465/SFArts-Express.app/www/index.html
2015-05-20 13:25:43.191 SFArts-Express[6548:262162] in init page
2015-05-20 13:25:43.191 SFArts-Express[6548:262162] []
2015-05-20 13:25:43.191 SFArts-Express[6548:262162] in init page
2015-05-20 13:25:43.202 SFArts-Express[6548:262162] code: 2
message: 
2015-05-20 13:25:43.205 SFArts-Express[6548:262162] locationManager::didFailWithError (null)
2015-05-20 13:25:43.207 SFArts-Express[6548:262162] code: 2
message: The operation couldn’t be completed. (kCLErrorDomain error 0.)
2015-05-20 13:26:09.967 SFArts-Express[6548:262162] CDVWebViewDelegate: Navigation started when state=1
2015-05-20 13:26:09.967 SFArts-Express[6548:262162] Failed to load webpage with error: CDVWebViewDelegate: Navigation started when state=1
2015-05-20 13:26:14.254 SFArts-Express[6548:262162] CDVWebViewDelegate: Navigation started when state=1
2015-05-20 13:26:14.255 SFArts-Express[6548:262162] Failed to load webpage with error: CDVWebViewDelegate: Navigation started when state=1
2015-05-20 13:26:32.830 SFArts-Express[6548:262544] Communications error: <OS_xpc_error: <error: 0x32995f4> { count = 1, contents =
	"XPCErrorDescription" => <string: 0x329983c> { length = 22, contents = "Connection interrupted" }
}>
2015-05-20 15:25:39.946 SFArts-Express[23779:382337] DiskCookieStorage changing policy from 2 to 0, cookie file: file:///Users/lrlarson/Library/Developer/CoreSimulator/Devices/3419DF18-FACC-4B27-B18E-EE7E43CC6DFD/data/Containers/Data/Application/4812BE00-65A8-42DE-8E53-8F47DBA88B82/Library/Cookies/Cookies.binarycookies
2015-05-20 15:25:40.225 SFArts-Express[23779:382337] Apache Cordova native platform version 3.7.0 is starting.
2015-05-20 15:25:40.226 SFArts-Express[23779:382337] Multi-tasking -> Device: YES, App: YES
2015-05-20 15:25:40.239 SFArts-Express[23779:382337] Unlimited access to network resources
2015-05-20 15:25:40.710 SFArts-Express[23779:382337] [CDVTimer][splashscreen] 152.903020ms
2015-05-20 15:25:40.716 SFArts-Express[23779:382337] [CDVTimer][statusbar] 5.228996ms
2015-05-20 15:25:40.716 SFArts-Express[23779:382337] [CDVTimer][TotalPluginStartup] 158.535957ms
2015-05-20 15:25:40.874 SFArts-Express[23779:382337] Resetting plugins due to page load.
2015-05-20 15:25:42.875 SFArts-Express[23779:382337] Finished load of: file:///Users/lrlarson/Library/Developer/CoreSimulator/Devices/3419DF18-FACC-4B27-B18E-EE7E43CC6DFD/data/Containers/Bundle/Application/AC295A00-D297-4AFD-BC75-AAD6ED6C5FCE/SFArts-Express.app/www/index.html
2015-05-20 15:25:42.895 SFArts-Express[23779:382337] in init page
2015-05-20 15:25:42.895 SFArts-Express[23779:382337] code: 2
message: 
2015-05-20 15:25:42.899 SFArts-Express[23779:382337] locationManager::didFailWithError (null)
2015-05-20 15:25:42.901 SFArts-Express[23779:382337] code: 2
message: The operation couldn’t be completed. (kCLErrorDomain error 0.)
2015-05-20 15:26:09.486 SFArts-Express[23779:382337] CDVWebViewDelegate: Navigation started when state=1
2015-05-20 15:26:09.486 SFArts-Express[23779:382337] Failed to load webpage with error: CDVWebViewDelegate: Navigation started when state=1
2015-05-20 15:26:24.734 SFArts-Express[23779:382337] CDVWebViewDelegate: Navigation started when state=1
2015-05-20 15:26:24.734 SFArts-Express[23779:382337] Failed to load webpage with error: CDVWebViewDelegate: Navigation started when state=1
2015-05-20 15:26:31.528 SFArts-Express[23779:382337] CDVWebViewDelegate: Navigation started when state=1
2015-05-20 15:26:31.528 SFArts-Express[23779:382337] Failed to load webpage with error: CDVWebViewDelegate: Navigation started when state=1
2015-05-20 16:54:33.109 SFArts-Express[27400:457258] DiskCookieStorage changing policy from 2 to 0, cookie file: file:///Users/lrlarson/Library/Developer/CoreSimulator/Devices/3419DF18-FACC-4B27-B18E-EE7E43CC6DFD/data/Containers/Data/Application/5BA3E146-520A-4416-AA25-E4C13CD5AEA5/Library/Cookies/Cookies.binarycookies
2015-05-20 16:54:33.364 SFArts-Express[27400:457258] Apache Cordova native platform version 3.7.0 is starting.
2015-05-20 16:54:33.365 SFArts-Express[27400:457258] Multi-tasking -> Device: YES, App: YES
2015-05-20 16:54:33.378 SFArts-Express[27400:457258] Unlimited access to network resources
2015-05-20 16:54:33.866 SFArts-Express[27400:457258] [CDVTimer][splashscreen] 151.467979ms
2015-05-20 16:54:33.872 SFArts-Express[27400:457258] [CDVTimer][statusbar] 5.622029ms
2015-05-20 16:54:33.872 SFArts-Express[27400:457258] [CDVTimer][TotalPluginStartup] 157.372952ms
2015-05-20 16:54:33.998 SFArts-Express[27400:457258] Resetting plugins due to page load.
2015-05-20 16:54:35.420 SFArts-Express[27400:457258] Finished load of: file:///Users/lrlarson/Library/Developer/CoreSimulator/Devices/3419DF18-FACC-4B27-B18E-EE7E43CC6DFD/data/Containers/Bundle/Application/39CD663C-732B-4DDD-8ECB-79C0D499DE3C/SFArts-Express.app/www/index.html
2015-05-20 16:54:35.437 SFArts-Express[27400:457258] in init page
2015-05-20 16:54:35.437 SFArts-Express[27400:457258] code: 2
message: 
2015-05-20 16:54:35.442 SFArts-Express[27400:457258] locationManager::didFailWithError (null)
2015-05-20 16:54:35.449 SFArts-Express[27400:457258] code: 2
message: The operation couldn’t be completed. (kCLErrorDomain error 0.)
2015-05-26 10:36:24.283 SFArts-Express[77766:1966597] DiskCookieStorage changing policy from 2 to 0, cookie file: file:///Users/lrlarson/Library/Developer/CoreSimulator/Devices/3419DF18-FACC-4B27-B18E-EE7E43CC6DFD/data/Containers/Data/Application/8D072B31-D13F-48A0-A803-6871B448C9DD/Library/Cookies/Cookies.binarycookies
2015-05-26 10:36:24.581 SFArts-Express[77766:1966597] Apache Cordova native platform version 3.7.0 is starting.
2015-05-26 10:36:24.581 SFArts-Express[77766:1966597] Multi-tasking -> Device: YES, App: YES
2015-05-26 10:36:24.599 SFArts-Express[77766:1966597] Unlimited access to network resources
2015-05-26 10:36:25.168 SFArts-Express[77766:1966597] [CDVTimer][splashscreen] 188.780010ms
2015-05-26 10:36:25.173 SFArts-Express[77766:1966597] [CDVTimer][statusbar] 4.577994ms
2015-05-26 10:36:25.173 SFArts-Express[77766:1966597] [CDVTimer][TotalPluginStartup] 193.632007ms
2015-05-26 10:36:25.336 SFArts-Express[77766:1966597] Resetting plugins due to page load.
2015-05-26 10:36:25.755 SFArts-Express[77766:1966597] Finished load of: file:///Users/lrlarson/Library/Developer/CoreSimulator/Devices/3419DF18-FACC-4B27-B18E-EE7E43CC6DFD/data/Containers/Bundle/Application/96E7F2CC-7A8F-499C-920F-63C24C74798F/SFArts-Express.app/www/index.html
2015-05-26 10:36:25.771 SFArts-Express[77766:1966597] in init page
2015-05-26 10:36:25.771 SFArts-Express[77766:1966597] code: 2
message: 
2015-05-26 10:36:25.772 SFArts-Express[77766:1966597] locationManager::didFailWithError (null)
2015-05-26 10:36:25.774 SFArts-Express[77766:1966597] code: 2
message: The operation couldn’t be completed. (kCLErrorDomain error 0.)
2015-05-28 10:55:21.645 SFArts-Express[90243:2666047] DiskCookieStorage changing policy from 2 to 0, cookie file: file:///Users/lrlarson/Library/Developer/CoreSimulator/Devices/3419DF18-FACC-4B27-B18E-EE7E43CC6DFD/data/Containers/Data/Application/74E771FA-B848-4BA8-AFFC-41357C1AA900/Library/Cookies/Cookies.binarycookies
2015-05-28 10:55:21.939 SFArts-Express[90243:2666047] Apache Cordova native platform version 3.7.0 is starting.
2015-05-28 10:55:21.939 SFArts-Express[90243:2666047] Multi-tasking -> Device: YES, App: YES
2015-05-28 10:55:21.955 SFArts-Express[90243:2666047] Unlimited access to network resources
2015-05-28 10:55:22.513 SFArts-Express[90243:2666047] [CDVTimer][splashscreen] 182.570994ms
2015-05-28 10:55:22.519 SFArts-Express[90243:2666047] [CDVTimer][statusbar] 5.015969ms
2015-05-28 10:55:22.519 SFArts-Express[90243:2666047] [CDVTimer][TotalPluginStartup] 187.884033ms
2015-05-28 10:55:22.666 SFArts-Express[90243:2666047] Resetting plugins due to page load.
2015-05-28 10:55:23.305 SFArts-Express[90243:2666047] THREAD WARNING: ['NetworkStatus'] took '37.138916' ms. Plugin should use a background thread.
2015-05-28 10:55:23.422 SFArts-Express[90243:2666047] Finished load of: file:///Users/lrlarson/Library/Developer/CoreSimulator/Devices/3419DF18-FACC-4B27-B18E-EE7E43CC6DFD/data/Containers/Bundle/Application/75C86C4A-C919-43ED-88C2-B0C6A3625785/SFArts-Express.app/www/index.html
2015-05-28 10:55:23.429 SFArts-Express[90243:2666047] in init page
2015-05-28 10:55:23.429 SFArts-Express[90243:2666047] in init page
2015-05-28 10:55:23.440 SFArts-Express[90243:2666047] code: 2
message: 
2015-05-28 10:55:23.441 SFArts-Express[90243:2666047] locationManager::didFailWithError (null)
2015-05-28 10:55:23.443 SFArts-Express[90243:2666047] code: 2
message: The operation couldn’t be completed. (kCLErrorDomain error 0.)
